This file contains any messages produced by compilers while
running configure, to aid debugging if configure makes a mistake.

It was created by configure, which was
generated by GNU Autoconf 2.59.  Invocation command line was

  $ ./configure 

## --------- ##
## Platform. ##
## --------- ##

hostname = john-celenzas-computer-2.local
uname -m = i386
uname -r = 8.11.1
uname -s = Darwin
uname -v = Darwin Kernel Version 8.11.1: Wed Oct 10 18:23:28 PDT 2007; root:xnu-792.25.20~1/RELEASE_I386

/usr/bin/uname -p = i386
/bin/uname -X     = unknown

/bin/arch              = unknown
/usr/bin/arch -k       = unknown
/usr/convex/getsysinfo = unknown
hostinfo               = Mach kernel version:
	 Darwin Kernel Version 8.11.1: Wed Oct 10 18:23:28 PDT 2007; root:xnu-792.25.20~1/RELEASE_I386
Kernel configured for up to 2 processors.
2 processors are physically available.
2 processors are logically available.
Processor type: i486 (Intel 80486)
Processors active: 0 1
Primary memory available: 2.00 gigabytes
Default processor set: 85 tasks, 274 threads, 2 processors
Load average: 0.66, Mach factor: 1.33
/bin/machine           = unknown
/usr/bin/oslevel       = unknown
/bin/universe          = unknown

PATH: /opt/local/bin
PATH: /opt/local/sbin
PATH: /opt/local/bin
PATH: /opt/local/sbin
PATH: /bin
PATH: /sbin
PATH: /usr/bin
PATH: /usr/sbin
PATH: /usr/local/AVRMacPack/bin
PATH: /usr/local/bin
PATH: /Developer/SDKs/iPhone/bin/
PATH: /Developer/SDKs/iPhone/bin/
PATH: /usr/X11R6/bin/
PATH: /Users/johncelenza/stanford/cs140/pintos/src/utils
PATH: /Users/johncelenza/stanford/cs140/pintos/src/misc


## ----------- ##
## Core tests. ##
## ----------- ##

configure:1364: checking for gcc
configure:1380: found /usr/bin/gcc
configure:1390: result: gcc
configure:1634: checking for C compiler version
configure:1637: gcc --version </dev/null >&5
i686-apple-darwin8-gcc-4.0.1 (GCC) 4.0.1 (Apple Computer, Inc. build 5367)
Copyright (C) 2005 Free Software Foundation, Inc.
This is free software; see the source for copying conditions.  There is NO
warranty; not even for MERCHANTABILITY or FITNESS FOR A PARTICULAR PURPOSE.

configure:1640: $? = 0
configure:1642: gcc -v </dev/null >&5
Using built-in specs.
Target: i686-apple-darwin8
Configured with: /private/var/tmp/gcc/gcc-5367.obj~1/src/configure --disable-checking -enable-werror --prefix=/usr --mandir=/share/man --enable-languages=c,objc,c++,obj-c++ --program-transform-name=/^[cg][^.-]*$/s/$/-4.0/ --with-gxx-include-dir=/include/c++/4.0.0 --with-slibdir=/usr/lib --build=powerpc-apple-darwin8 --with-arch=nocona --with-tune=generic --program-prefix= --host=i686-apple-darwin8 --target=i686-apple-darwin8
Thread model: posix
gcc version 4.0.1 (Apple Computer, Inc. build 5367)
configure:1645: $? = 0
configure:1647: gcc -V </dev/null >&5
gcc: argument to `-V' is missing
configure:1650: $? = 1
configure:1673: checking for C compiler default output file name
configure:1676: gcc    conftest.c  >&5
configure:1679: $? = 0
configure:1725: result: a.out
configure:1730: checking whether the C compiler works
configure:1736: ./a.out
configure:1739: $? = 0
configure:1756: result: yes
configure:1763: checking whether we are cross compiling
configure:1765: result: no
configure:1768: checking for suffix of executables
configure:1770: gcc -o conftest    conftest.c  >&5
configure:1773: $? = 0
configure:1798: result: 
configure:1804: checking for suffix of object files
configure:1825: gcc -c   conftest.c >&5
configure:1828: $? = 0
configure:1850: result: o
configure:1854: checking whether we are using the GNU C compiler
configure:1878: gcc -c   conftest.c >&5
configure:1884: $? = 0
configure:1887: test -z 			 || test ! -s conftest.err
configure:1890: $? = 0
configure:1893: test -s conftest.o
configure:1896: $? = 0
configure:1909: result: yes
configure:1915: checking whether gcc accepts -g
configure:1936: gcc -c -g  conftest.c >&5
configure:1942: $? = 0
configure:1945: test -z 			 || test ! -s conftest.err
configure:1948: $? = 0
configure:1951: test -s conftest.o
configure:1954: $? = 0
configure:1965: result: yes
configure:1982: checking for gcc option to accept ANSI C
configure:2052: gcc  -c -g -O2  conftest.c >&5
configure:2058: $? = 0
configure:2061: test -z 			 || test ! -s conftest.err
configure:2064: $? = 0
configure:2067: test -s conftest.o
configure:2070: $? = 0
configure:2088: result: none needed
configure:2106: gcc -c -g -O2  conftest.c >&5
conftest.c:2: error: parse error before 'me'
configure:2112: $? = 1
configure: failed program was:
| #ifndef __cplusplus
|   choke me
| #endif
configure:2247: checking how to run the C preprocessor
configure:2282: gcc -E  conftest.c
configure:2288: $? = 0
configure:2320: gcc -E  conftest.c
conftest.c:9:28: error: ac_nonexistent.h: No such file or directory
configure:2326: $? = 1
configure: failed program was:
| /* confdefs.h.  */
| 
| #define PACKAGE_NAME ""
| #define PACKAGE_TARNAME ""
| #define PACKAGE_VERSION ""
| #define PACKAGE_STRING ""
| #define PACKAGE_BUGREPORT ""
| /* end confdefs.h.  */
| #include <ac_nonexistent.h>
configure:2365: result: gcc -E
configure:2389: gcc -E  conftest.c
configure:2395: $? = 0
configure:2427: gcc -E  conftest.c
conftest.c:9:28: error: ac_nonexistent.h: No such file or directory
configure:2433: $? = 1
configure: failed program was:
| /* confdefs.h.  */
| 
| #define PACKAGE_NAME ""
| #define PACKAGE_TARNAME ""
| #define PACKAGE_VERSION ""
| #define PACKAGE_STRING ""
| #define PACKAGE_BUGREPORT ""
| /* end confdefs.h.  */
| #include <ac_nonexistent.h>
configure:2476: checking whether ln -s works
configure:2480: result: yes
configure:2491: checking for ar
configure:2507: found /usr/bin/ar
configure:2517: result: ar
configure:2569: checking for ranlib
configure:2585: found /usr/bin/ranlib
configure:2596: result: ranlib
configure:2609: checking whether make sets $(MAKE)
configure:2629: result: yes
configure:2676: checking for a BSD-compatible install
configure:2731: result: /usr/bin/install -c
configure:2743: checking for Neotonic Paths
configure:2751: result: not found
configure:2764: checking for dirent.h that defines DIR
configure:2788: gcc -c -g -O2  conftest.c >&5
configure:2794: $? = 0
configure:2797: test -z 			 || test ! -s conftest.err
configure:2800: $? = 0
configure:2803: test -s conftest.o
configure:2806: $? = 0
configure:2817: result: yes
configure:2830: checking for library containing opendir
configure:2860: gcc -o conftest -g -O2   conftest.c  >&5
configure:2866: $? = 0
configure:2869: test -z 			 || test ! -s conftest.err
configure:2872: $? = 0
configure:2875: test -s conftest
configure:2878: $? = 0
configure:2947: result: none required
configure:3082: checking for egrep
configure:3092: result: grep -E
configure:3097: checking for ANSI C header files
configure:3122: gcc -c -g -O2  conftest.c >&5
configure:3128: $? = 0
configure:3131: test -z 			 || test ! -s conftest.err
configure:3134: $? = 0
configure:3137: test -s conftest.o
configure:3140: $? = 0
configure:3226: gcc -o conftest -g -O2   conftest.c  >&5
conftest.c: In function 'main':
conftest.c:27: warning: incompatible implicit declaration of built-in function 'exit'
configure:3229: $? = 0
configure:3231: ./conftest
configure:3234: $? = 0
configure:3249: result: yes
configure:3259: checking for sys/wait.h that is POSIX.1 compatible
configure:3290: gcc -c -g -O2  conftest.c >&5
configure:3296: $? = 0
configure:3299: test -z 			 || test ! -s conftest.err
configure:3302: $? = 0
configure:3305: test -s conftest.o
configure:3308: $? = 0
configure:3319: result: yes
configure:3343: checking for sys/types.h
configure:3359: gcc -c -g -O2  conftest.c >&5
configure:3365: $? = 0
configure:3368: test -z 			 || test ! -s conftest.err
configure:3371: $? = 0
configure:3374: test -s conftest.o
configure:3377: $? = 0
configure:3388: result: yes
configure:3343: checking for sys/stat.h
configure:3359: gcc -c -g -O2  conftest.c >&5
configure:3365: $? = 0
configure:3368: test -z 			 || test ! -s conftest.err
configure:3371: $? = 0
configure:3374: test -s conftest.o
configure:3377: $? = 0
configure:3388: result: yes
configure:3343: checking for stdlib.h
configure:3359: gcc -c -g -O2  conftest.c >&5
configure:3365: $? = 0
configure:3368: test -z 			 || test ! -s conftest.err
configure:3371: $? = 0
configure:3374: test -s conftest.o
configure:3377: $? = 0
configure:3388: result: yes
configure:3343: checking for string.h
configure:3359: gcc -c -g -O2  conftest.c >&5
configure:3365: $? = 0
configure:3368: test -z 			 || test ! -s conftest.err
configure:3371: $? = 0
configure:3374: test -s conftest.o
configure:3377: $? = 0
configure:3388: result: yes
configure:3343: checking for memory.h
configure:3359: gcc -c -g -O2  conftest.c >&5
configure:3365: $? = 0
configure:3368: test -z 			 || test ! -s conftest.err
configure:3371: $? = 0
configure:3374: test -s conftest.o
configure:3377: $? = 0
configure:3388: result: yes
configure:3343: checking for strings.h
configure:3359: gcc -c -g -O2  conftest.c >&5
configure:3365: $? = 0
configure:3368: test -z 			 || test ! -s conftest.err
configure:3371: $? = 0
configure:3374: test -s conftest.o
configure:3377: $? = 0
configure:3388: result: yes
configure:3343: checking for inttypes.h
configure:3359: gcc -c -g -O2  conftest.c >&5
configure:3365: $? = 0
configure:3368: test -z 			 || test ! -s conftest.err
configure:3371: $? = 0
configure:3374: test -s conftest.o
configure:3377: $? = 0
configure:3388: result: yes
configure:3343: checking for stdint.h
configure:3359: gcc -c -g -O2  conftest.c >&5
configure:3365: $? = 0
configure:3368: test -z 			 || test ! -s conftest.err
configure:3371: $? = 0
configure:3374: test -s conftest.o
configure:3377: $? = 0
configure:3388: result: yes
configure:3343: checking for unistd.h
configure:3359: gcc -c -g -O2  conftest.c >&5
configure:3365: $? = 0
configure:3368: test -z 			 || test ! -s conftest.err
configure:3371: $? = 0
configure:3374: test -s conftest.o
configure:3377: $? = 0
configure:3388: result: yes
configure:3422: checking fcntl.h usability
configure:3434: gcc -c -g -O2  conftest.c >&5
configure:3440: $? = 0
configure:3443: test -z 			 || test ! -s conftest.err
configure:3446: $? = 0
configure:3449: test -s conftest.o
configure:3452: $? = 0
configure:3462: result: yes
configure:3466: checking fcntl.h presence
configure:3476: gcc -E  conftest.c
configure:3482: $? = 0
configure:3502: result: yes
configure:3537: checking for fcntl.h
configure:3544: result: yes
configure:3422: checking stdarg.h usability
configure:3434: gcc -c -g -O2  conftest.c >&5
configure:3440: $? = 0
configure:3443: test -z 			 || test ! -s conftest.err
configure:3446: $? = 0
configure:3449: test -s conftest.o
configure:3452: $? = 0
configure:3462: result: yes
configure:3466: checking stdarg.h presence
configure:3476: gcc -E  conftest.c
configure:3482: $? = 0
configure:3502: result: yes
configure:3537: checking for stdarg.h
configure:3544: result: yes
configure:3422: checking varargs.h usability
configure:3434: gcc -c -g -O2  conftest.c >&5
In file included from conftest.c:57:
/usr/lib/gcc/i686-apple-darwin8/4.0.1/include/varargs.h:4:2: error: #error "GCC no longer implements <varargs.h>."
/usr/lib/gcc/i686-apple-darwin8/4.0.1/include/varargs.h:5:2: error: #error "Revise your code to use <stdarg.h>."
configure:3440: $? = 1
configure: failed program was:
| /* confdefs.h.  */
| 
| #define PACKAGE_NAME ""
| #define PACKAGE_TARNAME ""
| #define PACKAGE_VERSION ""
| #define PACKAGE_STRING ""
| #define PACKAGE_BUGREPORT ""
| #define HAVE_DIRENT_H 1
| #define STDC_HEADERS 1
| #define HAVE_SYS_WAIT_H 1
| #define HAVE_SYS_TYPES_H 1
| #define HAVE_SYS_STAT_H 1
| #define HAVE_STDLIB_H 1
| #define HAVE_STRING_H 1
| #define HAVE_MEMORY_H 1
| #define HAVE_STRINGS_H 1
| #define HAVE_INTTYPES_H 1
| #define HAVE_STDINT_H 1
| #define HAVE_UNISTD_H 1
| #define HAVE_FCNTL_H 1
| #define HAVE_STDARG_H 1
| /* end confdefs.h.  */
| #include <stdio.h>
| #if HAVE_SYS_TYPES_H
| # include <sys/types.h>
| #endif
| #if HAVE_SYS_STAT_H
| # include <sys/stat.h>
| #endif
| #if STDC_HEADERS
| # include <stdlib.h>
| # include <stddef.h>
| #else
| # if HAVE_STDLIB_H
| #  include <stdlib.h>
| # endif
| #endif
| #if HAVE_STRING_H
| # if !STDC_HEADERS && HAVE_MEMORY_H
| #  include <memory.h>
| # endif
| # include <string.h>
| #endif
| #if HAVE_STRINGS_H
| # include <strings.h>
| #endif
| #if HAVE_INTTYPES_H
| # include <inttypes.h>
| #else
| # if HAVE_STDINT_H
| #  include <stdint.h>
| # endif
| #endif
| #if HAVE_UNISTD_H
| # include <unistd.h>
| #endif
| #include <varargs.h>
configure:3462: result: no
configure:3466: checking varargs.h presence
configure:3476: gcc -E  conftest.c
In file included from conftest.c:23:
/usr/lib/gcc/i686-apple-darwin8/4.0.1/include/varargs.h:4:2: error: #error "GCC no longer implements <varargs.h>."
/usr/lib/gcc/i686-apple-darwin8/4.0.1/include/varargs.h:5:2: error: #error "Revise your code to use <stdarg.h>."
configure:3482: $? = 1
configure: failed program was:
| /* confdefs.h.  */
| 
| #define PACKAGE_NAME ""
| #define PACKAGE_TARNAME ""
| #define PACKAGE_VERSION ""
| #define PACKAGE_STRING ""
| #define PACKAGE_BUGREPORT ""
| #define HAVE_DIRENT_H 1
| #define STDC_HEADERS 1
| #define HAVE_SYS_WAIT_H 1
| #define HAVE_SYS_TYPES_H 1
| #define HAVE_SYS_STAT_H 1
| #define HAVE_STDLIB_H 1
| #define HAVE_STRING_H 1
| #define HAVE_MEMORY_H 1
| #define HAVE_STRINGS_H 1
| #define HAVE_INTTYPES_H 1
| #define HAVE_STDINT_H 1
| #define HAVE_UNISTD_H 1
| #define HAVE_FCNTL_H 1
| #define HAVE_STDARG_H 1
| /* end confdefs.h.  */
| #include <varargs.h>
configure:3502: result: no
configure:3537: checking for varargs.h
configure:3544: result: no
configure:3422: checking limits.h usability
configure:3434: gcc -c -g -O2  conftest.c >&5
configure:3440: $? = 0
configure:3443: test -z 			 || test ! -s conftest.err
configure:3446: $? = 0
configure:3449: test -s conftest.o
configure:3452: $? = 0
configure:3462: result: yes
configure:3466: checking limits.h presence
configure:3476: gcc -E  conftest.c
configure:3482: $? = 0
configure:3502: result: yes
configure:3537: checking for limits.h
configure:3544: result: yes
configure:3413: checking for strings.h
configure:3418: result: yes
configure:3422: checking sys/ioctl.h usability
configure:3434: gcc -c -g -O2  conftest.c >&5
configure:3440: $? = 0
configure:3443: test -z 			 || test ! -s conftest.err
configure:3446: $? = 0
configure:3449: test -s conftest.o
configure:3452: $? = 0
configure:3462: result: yes
configure:3466: checking sys/ioctl.h presence
configure:3476: gcc -E  conftest.c
configure:3482: $? = 0
configure:3502: result: yes
configure:3537: checking for sys/ioctl.h
configure:3544: result: yes
configure:3422: checking sys/time.h usability
configure:3434: gcc -c -g -O2  conftest.c >&5
configure:3440: $? = 0
configure:3443: test -z 			 || test ! -s conftest.err
configure:3446: $? = 0
configure:3449: test -s conftest.o
configure:3452: $? = 0
configure:3462: result: yes
configure:3466: checking sys/time.h presence
configure:3476: gcc -E  conftest.c
configure:3482: $? = 0
configure:3502: result: yes
configure:3537: checking for sys/time.h
configure:3544: result: yes
configure:3413: checking for unistd.h
configure:3418: result: yes
configure:3422: checking features.h usability
configure:3434: gcc -c -g -O2  conftest.c >&5
conftest.c:62:22: error: features.h: No such file or directory
configure:3440: $? = 1
configure: failed program was:
| /* confdefs.h.  */
| 
| #define PACKAGE_NAME ""
| #define PACKAGE_TARNAME ""
| #define PACKAGE_VERSION ""
| #define PACKAGE_STRING ""
| #define PACKAGE_BUGREPORT ""
| #define HAVE_DIRENT_H 1
| #define STDC_HEADERS 1
| #define HAVE_SYS_WAIT_H 1
| #define HAVE_SYS_TYPES_H 1
| #define HAVE_SYS_STAT_H 1
| #define HAVE_STDLIB_H 1
| #define HAVE_STRING_H 1
| #define HAVE_MEMORY_H 1
| #define HAVE_STRINGS_H 1
| #define HAVE_INTTYPES_H 1
| #define HAVE_STDINT_H 1
| #define HAVE_UNISTD_H 1
| #define HAVE_FCNTL_H 1
| #define HAVE_STDARG_H 1
| #define HAVE_LIMITS_H 1
| #define HAVE_STRINGS_H 1
| #define HAVE_SYS_IOCTL_H 1
| #define HAVE_SYS_TIME_H 1
| #define HAVE_UNISTD_H 1
| /* end confdefs.h.  */
| #include <stdio.h>
| #if HAVE_SYS_TYPES_H
| # include <sys/types.h>
| #endif
| #if HAVE_SYS_STAT_H
| # include <sys/stat.h>
| #endif
| #if STDC_HEADERS
| # include <stdlib.h>
| # include <stddef.h>
| #else
| # if HAVE_STDLIB_H
| #  include <stdlib.h>
| # endif
| #endif
| #if HAVE_STRING_H
| # if !STDC_HEADERS && HAVE_MEMORY_H
| #  include <memory.h>
| # endif
| # include <string.h>
| #endif
| #if HAVE_STRINGS_H
| # include <strings.h>
| #endif
| #if HAVE_INTTYPES_H
| # include <inttypes.h>
| #else
| # if HAVE_STDINT_H
| #  include <stdint.h>
| # endif
| #endif
| #if HAVE_UNISTD_H
| # include <unistd.h>
| #endif
| #include <features.h>
configure:3462: result: no
configure:3466: checking features.h presence
configure:3476: gcc -E  conftest.c
conftest.c:28:22: error: features.h: No such file or directory
configure:3482: $? = 1
configure: failed program was:
| /* confdefs.h.  */
| 
| #define PACKAGE_NAME ""
| #define PACKAGE_TARNAME ""
| #define PACKAGE_VERSION ""
| #define PACKAGE_STRING ""
| #define PACKAGE_BUGREPORT ""
| #define HAVE_DIRENT_H 1
| #define STDC_HEADERS 1
| #define HAVE_SYS_WAIT_H 1
| #define HAVE_SYS_TYPES_H 1
| #define HAVE_SYS_STAT_H 1
| #define HAVE_STDLIB_H 1
| #define HAVE_STRING_H 1
| #define HAVE_MEMORY_H 1
| #define HAVE_STRINGS_H 1
| #define HAVE_INTTYPES_H 1
| #define HAVE_STDINT_H 1
| #define HAVE_UNISTD_H 1
| #define HAVE_FCNTL_H 1
| #define HAVE_STDARG_H 1
| #define HAVE_LIMITS_H 1
| #define HAVE_STRINGS_H 1
| #define HAVE_SYS_IOCTL_H 1
| #define HAVE_SYS_TIME_H 1
| #define HAVE_UNISTD_H 1
| /* end confdefs.h.  */
| #include <features.h>
configure:3502: result: no
configure:3537: checking for features.h
configure:3544: result: no
configure:3558: checking for an ANSI C-conforming const
configure:3625: gcc -c -g -O2  conftest.c >&5
configure:3631: $? = 0
configure:3634: test -z 			 || test ! -s conftest.err
configure:3637: $? = 0
configure:3640: test -s conftest.o
configure:3643: $? = 0
configure:3654: result: yes
configure:3664: checking for mode_t
configure:3688: gcc -c -g -O2  conftest.c >&5
configure:3694: $? = 0
configure:3697: test -z 			 || test ! -s conftest.err
configure:3700: $? = 0
configure:3703: test -s conftest.o
configure:3706: $? = 0
configure:3717: result: yes
configure:3729: checking for off_t
configure:3753: gcc -c -g -O2  conftest.c >&5
configure:3759: $? = 0
configure:3762: test -z 			 || test ! -s conftest.err
configure:3765: $? = 0
configure:3768: test -s conftest.o
configure:3771: $? = 0
configure:3782: result: yes
configure:3794: checking for pid_t
configure:3818: gcc -c -g -O2  conftest.c >&5
configure:3824: $? = 0
configure:3827: test -z 			 || test ! -s conftest.err
configure:3830: $? = 0
configure:3833: test -s conftest.o
configure:3836: $? = 0
configure:3847: result: yes
configure:3859: checking for size_t
configure:3883: gcc -c -g -O2  conftest.c >&5
configure:3889: $? = 0
configure:3892: test -z 			 || test ! -s conftest.err
configure:3895: $? = 0
configure:3898: test -s conftest.o
configure:3901: $? = 0
configure:3912: result: yes
configure:3924: checking whether time.h and sys/time.h may both be included
configure:3949: gcc -c -g -O2  conftest.c >&5
configure:3955: $? = 0
configure:3958: test -z 			 || test ! -s conftest.err
configure:3961: $? = 0
configure:3964: test -s conftest.o
configure:3967: $? = 0
configure:3978: result: yes
configure:3988: checking whether struct tm is in sys/time.h or time.h
configure:4011: gcc -c -g -O2  conftest.c >&5
configure:4017: $? = 0
configure:4020: test -z 			 || test ! -s conftest.err
configure:4023: $? = 0
configure:4026: test -s conftest.o
configure:4029: $? = 0
configure:4040: result: time.h
configure:4050: checking for struct tm.tm_zone
configure:4076: gcc -c -g -O2  conftest.c >&5
configure:4082: $? = 0
configure:4085: test -z 			 || test ! -s conftest.err
configure:4088: $? = 0
configure:4091: test -s conftest.o
configure:4094: $? = 0
configure:4153: result: yes
configure:4238: checking return type of signal handlers
configure:4269: gcc -c -g -O2  conftest.c >&5
configure:4275: $? = 0
configure:4278: test -z 			 || test ! -s conftest.err
configure:4281: $? = 0
configure:4284: test -s conftest.o
configure:4287: $? = 0
configure:4298: result: void
configure:4310: checking for strftime
configure:4367: gcc -o conftest -g -O2   conftest.c  >&5
conftest.c:56: warning: conflicting types for built-in function 'strftime'
configure:4373: $? = 0
configure:4376: test -z 			 || test ! -s conftest.err
configure:4379: $? = 0
configure:4382: test -s conftest
configure:4385: $? = 0
configure:4397: result: yes
configure:4484: checking for vprintf
configure:4541: gcc -o conftest -g -O2   conftest.c  >&5
conftest.c:57: warning: conflicting types for built-in function 'vprintf'
configure:4547: $? = 0
configure:4550: test -z 			 || test ! -s conftest.err
configure:4553: $? = 0
configure:4556: test -s conftest
configure:4559: $? = 0
configure:4571: result: yes
configure:4578: checking for _doprnt
configure:4635: gcc -o conftest -g -O2   conftest.c  >&5
/usr/bin/ld: Undefined symbols:
__doprnt
collect2: ld returned 1 exit status
configure:4641: $? = 1
configure: failed program was:
| /* confdefs.h.  */
| 
| #define PACKAGE_NAME ""
| #define PACKAGE_TARNAME ""
| #define PACKAGE_VERSION ""
| #define PACKAGE_STRING ""
| #define PACKAGE_BUGREPORT ""
| #define HAVE_DIRENT_H 1
| #define STDC_HEADERS 1
| #define HAVE_SYS_WAIT_H 1
| #define HAVE_SYS_TYPES_H 1
| #define HAVE_SYS_STAT_H 1
| #define HAVE_STDLIB_H 1
| #define HAVE_STRING_H 1
| #define HAVE_MEMORY_H 1
| #define HAVE_STRINGS_H 1
| #define HAVE_INTTYPES_H 1
| #define HAVE_STDINT_H 1
| #define HAVE_UNISTD_H 1
| #define HAVE_FCNTL_H 1
| #define HAVE_STDARG_H 1
| #define HAVE_LIMITS_H 1
| #define HAVE_STRINGS_H 1
| #define HAVE_SYS_IOCTL_H 1
| #define HAVE_SYS_TIME_H 1
| #define HAVE_UNISTD_H 1
| #define TIME_WITH_SYS_TIME 1
| #define HAVE_STRUCT_TM_TM_ZONE 1
| #define HAVE_TM_ZONE 1
| #define RETSIGTYPE void
| #define HAVE_STRFTIME 1
| #define HAVE_VPRINTF 1
| /* end confdefs.h.  */
| /* Define _doprnt to an innocuous variant, in case <limits.h> declares _doprnt.
|    For example, HP-UX 11i <limits.h> declares gettimeofday.  */
| #define _doprnt innocuous__doprnt
| 
| /* System header to define __stub macros and hopefully few prototypes,
|     which can conflict with char _doprnt (); below.
|     Prefer <limits.h> to <assert.h> if __STDC__ is defined, since
|     <limits.h> exists even on freestanding compilers.  */
| 
| #ifdef __STDC__
| # include <limits.h>
| #else
| # include <assert.h>
| #endif
| 
| #undef _doprnt
| 
| /* Override any gcc2 internal prototype to avoid an error.  */
| #ifdef __cplusplus
| extern "C"
| {
| #endif
| /* We use char because int might match the return type of a gcc2
|    builtin and then its argument prototype would still apply.  */
| char _doprnt ();
| /* The GNU C library defines this for functions which it implements
|     to always fail with ENOSYS.  Some functions are actually named
|     something starting with __ and the normal name is an alias.  */
| #if defined (__stub__doprnt) || defined (__stub____doprnt)
| choke me
| #else
| char (*f) () = _doprnt;
| #endif
| #ifdef __cplusplus
| }
| #endif
| 
| int
| main ()
| {
| return f != _doprnt;
|   ;
|   return 0;
| }
configure:4665: result: no
configure:4679: checking for wait3 that fills in rusage
configure:4730: gcc -o conftest -g -O2   conftest.c  >&5
conftest.c: In function 'main':
conftest.c:56: warning: incompatible implicit declaration of built-in function '_exit'
conftest.c:65: warning: incompatible implicit declaration of built-in function 'exit'
configure:4733: $? = 0
configure:4735: ./conftest
configure:4738: $? = 0
configure:4752: result: yes
configure:4773: checking for gettimeofday
configure:4830: gcc -o conftest -g -O2   conftest.c  >&5
configure:4836: $? = 0
configure:4839: test -z 			 || test ! -s conftest.err
configure:4842: $? = 0
configure:4845: test -s conftest
configure:4848: $? = 0
configure:4860: result: yes
configure:4773: checking for mktime
configure:4830: gcc -o conftest -g -O2   conftest.c  >&5
configure:4836: $? = 0
configure:4839: test -z 			 || test ! -s conftest.err
configure:4842: $? = 0
configure:4845: test -s conftest
configure:4848: $? = 0
configure:4860: result: yes
configure:4773: checking for putenv
configure:4830: gcc -o conftest -g -O2   conftest.c  >&5
configure:4836: $? = 0
configure:4839: test -z 			 || test ! -s conftest.err
configure:4842: $? = 0
configure:4845: test -s conftest
configure:4848: $? = 0
configure:4860: result: yes
configure:4773: checking for strerror
configure:4830: gcc -o conftest -g -O2   conftest.c  >&5
configure:4836: $? = 0
configure:4839: test -z 			 || test ! -s conftest.err
configure:4842: $? = 0
configure:4845: test -s conftest
configure:4848: $? = 0
configure:4860: result: yes
configure:4773: checking for strspn
configure:4830: gcc -o conftest -g -O2   conftest.c  >&5
conftest.c:63: warning: conflicting types for built-in function 'strspn'
configure:4836: $? = 0
configure:4839: test -z 			 || test ! -s conftest.err
configure:4842: $? = 0
configure:4845: test -s conftest
configure:4848: $? = 0
configure:4860: result: yes
configure:4773: checking for strtod
configure:4830: gcc -o conftest -g -O2   conftest.c  >&5
configure:4836: $? = 0
configure:4839: test -z 			 || test ! -s conftest.err
configure:4842: $? = 0
configure:4845: test -s conftest
configure:4848: $? = 0
configure:4860: result: yes
configure:4773: checking for strtol
configure:4830: gcc -o conftest -g -O2   conftest.c  >&5
configure:4836: $? = 0
configure:4839: test -z 			 || test ! -s conftest.err
configure:4842: $? = 0
configure:4845: test -s conftest
configure:4848: $? = 0
configure:4860: result: yes
configure:4773: checking for strtoul
configure:4830: gcc -o conftest -g -O2   conftest.c  >&5
configure:4836: $? = 0
configure:4839: test -z 			 || test ! -s conftest.err
configure:4842: $? = 0
configure:4845: test -s conftest
configure:4848: $? = 0
configure:4860: result: yes
configure:4876: checking for random
configure:4933: gcc -o conftest -g -O2   conftest.c  >&5
configure:4939: $? = 0
configure:4942: test -z 			 || test ! -s conftest.err
configure:4945: $? = 0
configure:4948: test -s conftest
configure:4951: $? = 0
configure:4963: result: yes
configure:4876: checking for rand
configure:4933: gcc -o conftest -g -O2   conftest.c  >&5
configure:4939: $? = 0
configure:4942: test -z 			 || test ! -s conftest.err
configure:4945: $? = 0
configure:4948: test -s conftest
configure:4951: $? = 0
configure:4963: result: yes
configure:4876: checking for drand48
configure:4933: gcc -o conftest -g -O2   conftest.c  >&5
configure:4939: $? = 0
configure:4942: test -z 			 || test ! -s conftest.err
configure:4945: $? = 0
configure:4948: test -s conftest
configure:4951: $? = 0
configure:4963: result: yes
configure:5118: checking for lockf
configure:5175: gcc -o conftest -g -O2   conftest.c  >&5
configure:5181: $? = 0
configure:5184: test -z 			 || test ! -s conftest.err
configure:5187: $? = 0
configure:5190: test -s conftest
configure:5193: $? = 0
configure:5205: result: yes
configure:5226: checking pthread.h usability
configure:5238: gcc -c -g -O2  conftest.c >&5
configure:5244: $? = 0
configure:5247: test -z 			 || test ! -s conftest.err
configure:5250: $? = 0
configure:5253: test -s conftest.o
configure:5256: $? = 0
configure:5266: result: yes
configure:5270: checking pthread.h presence
configure:5280: gcc -E  conftest.c
configure:5286: $? = 0
configure:5306: result: yes
configure:5341: checking for pthread.h
configure:5348: result: yes
configure:5374: checking build system type
configure:5392: result: i386-apple-darwin8.11.1
configure:5400: checking host system type
configure:5414: result: i386-apple-darwin8.11.1
configure:5436: checking for snprintf
configure:5493: gcc -o conftest -g -O2   conftest.c  >&5
conftest.c:72: warning: conflicting types for built-in function 'snprintf'
configure:5499: $? = 0
configure:5502: test -z 			 || test ! -s conftest.err
configure:5505: $? = 0
configure:5508: test -s conftest
configure:5511: $? = 0
configure:5523: result: yes
configure:5534: checking for vsnprintf
configure:5591: gcc -o conftest -g -O2   conftest.c  >&5
conftest.c:73: warning: conflicting types for built-in function 'vsnprintf'
configure:5597: $? = 0
configure:5600: test -z 			 || test ! -s conftest.err
configure:5603: $? = 0
configure:5606: test -s conftest
configure:5609: $? = 0
configure:5621: result: yes
configure:5643: checking for localtime_r
configure:5700: gcc -o conftest -g -O2   conftest.c  >&5
configure:5706: $? = 0
configure:5709: test -z 			 || test ! -s conftest.err
configure:5712: $? = 0
configure:5715: test -s conftest
configure:5718: $? = 0
configure:5730: result: yes
configure:5737: checking whether localtime_r is declared
configure:5755: result: yes
configure:5800: checking for gmtime_r
configure:5857: gcc -o conftest -g -O2   conftest.c  >&5
configure:5863: $? = 0
configure:5866: test -z 			 || test ! -s conftest.err
configure:5869: $? = 0
configure:5872: test -s conftest
configure:5875: $? = 0
configure:5887: result: yes
configure:5894: checking whether gmtime_r is declared
configure:5912: result: yes
configure:5957: checking for strtok_r
configure:6014: gcc -o conftest -g -O2   conftest.c  >&5
configure:6020: $? = 0
configure:6023: test -z 			 || test ! -s conftest.err
configure:6026: $? = 0
configure:6029: test -s conftest
configure:6032: $? = 0
configure:6044: result: yes
configure:6051: checking whether strtok_r is declared
configure:6069: result: yes
configure:6110: checking for mkstemp
configure:6167: gcc -o conftest -g -O2   conftest.c  >&5
configure:6173: $? = 0
configure:6176: test -z 			 || test ! -s conftest.err
configure:6179: $? = 0
configure:6182: test -s conftest
configure:6185: $? = 0
configure:6197: result: yes
configure:6216: checking for regexec
configure:6273: gcc -o conftest -g -O2   conftest.c  >&5
configure:6279: $? = 0
configure:6282: test -z 			 || test ! -s conftest.err
configure:6285: $? = 0
configure:6288: test -s conftest
configure:6291: $? = 0
configure:6303: result: yes
configure:6320: checking for deflate in -lz
configure:6350: gcc -o conftest -g -O2   conftest.c -lz   >&5
configure:6356: $? = 0
configure:6359: test -z 			 || test ! -s conftest.err
configure:6362: $? = 0
configure:6365: test -s conftest
configure:6368: $? = 0
configure:6381: result: yes
configure:6440: checking for apache apxs
configure:6470: result: found /usr/sbin/apxs
configure:6472: checking for apache 1.3.x
configure:6478: result: found 1.3.33
configure:6509: checking for python includes
configure:6571: result: found /usr/include/python2.3
configure:6603: checking for perl >= 5.006
configure:6625: result: found /usr/bin/perl
configure:6652: checking for ruby
configure:6671: result: found /usr/bin/ruby
configure:6698: checking for j2sdk path
configure:6731: result: not found
configure:6874: checking for csharp path
configure:6889: result: not found
configure:7268: creating ./config.status

## ---------------------- ##
## Running config.status. ##
## ---------------------- ##

This file was extended by config.status, which was
generated by GNU Autoconf 2.59.  Invocation command line was

  CONFIG_FILES    = 
  CONFIG_HEADERS  = 
  CONFIG_LINKS    = 
  CONFIG_COMMANDS = 
  $ ./config.status 

on john-celenzas-computer-2.local

config.status:716: creating rules.mk
config.status:782: creating cs_config.h

## ---------------- ##
## Cache variables. ##
## ---------------- ##

ac_cv_build=i386-apple-darwin8.11.1
ac_cv_build_alias=i386-apple-darwin8.11.1
ac_cv_c_compiler_gnu=yes
ac_cv_c_const=yes
ac_cv_env_CC_set=
ac_cv_env_CC_value=
ac_cv_env_CFLAGS_set=
ac_cv_env_CFLAGS_value=
ac_cv_env_CPPFLAGS_set=
ac_cv_env_CPPFLAGS_value=
ac_cv_env_CPP_set=
ac_cv_env_CPP_value=
ac_cv_env_LDFLAGS_set=
ac_cv_env_LDFLAGS_value=
ac_cv_env_build_alias_set=
ac_cv_env_build_alias_value=
ac_cv_env_host_alias_set=
ac_cv_env_host_alias_value=
ac_cv_env_target_alias_set=
ac_cv_env_target_alias_value=
ac_cv_exeext=
ac_cv_func__doprnt=no
ac_cv_func_drand48=yes
ac_cv_func_gettimeofday=yes
ac_cv_func_gmtime_r=yes
ac_cv_func_localtime_r=yes
ac_cv_func_lockf=yes
ac_cv_func_mkstemp=yes
ac_cv_func_mktime=yes
ac_cv_func_putenv=yes
ac_cv_func_rand=yes
ac_cv_func_random=yes
ac_cv_func_regexec=yes
ac_cv_func_snprintf=yes
ac_cv_func_strerror=yes
ac_cv_func_strftime=yes
ac_cv_func_strspn=yes
ac_cv_func_strtod=yes
ac_cv_func_strtok_r=yes
ac_cv_func_strtol=yes
ac_cv_func_strtoul=yes
ac_cv_func_vprintf=yes
ac_cv_func_vsnprintf=yes
ac_cv_func_wait3_rusage=yes
ac_cv_header_dirent_dirent_h=yes
ac_cv_header_fcntl_h=yes
ac_cv_header_features_h=no
ac_cv_header_inttypes_h=yes
ac_cv_header_limits_h=yes
ac_cv_header_memory_h=yes
ac_cv_header_pthread_h=yes
ac_cv_header_stdarg_h=yes
ac_cv_header_stdc=yes
ac_cv_header_stdint_h=yes
ac_cv_header_stdlib_h=yes
ac_cv_header_string_h=yes
ac_cv_header_strings_h=yes
ac_cv_header_sys_ioctl_h=yes
ac_cv_header_sys_stat_h=yes
ac_cv_header_sys_time_h=yes
ac_cv_header_sys_types_h=yes
ac_cv_header_sys_wait_h=yes
ac_cv_header_time=yes
ac_cv_header_unistd_h=yes
ac_cv_header_varargs_h=no
ac_cv_host=i386-apple-darwin8.11.1
ac_cv_host_alias=i386-apple-darwin8.11.1
ac_cv_lib_z_deflate=yes
ac_cv_member_struct_tm_tm_zone=yes
ac_cv_objext=o
ac_cv_path_install='/usr/bin/install -c'
ac_cv_prog_AR=ar
ac_cv_prog_CPP='gcc -E'
ac_cv_prog_ac_ct_CC=gcc
ac_cv_prog_ac_ct_RANLIB=ranlib
ac_cv_prog_cc_g=yes
ac_cv_prog_cc_stdc=
ac_cv_prog_egrep='grep -E'
ac_cv_prog_make_make_set=yes
ac_cv_search_opendir='none required'
ac_cv_struct_tm=time.h
ac_cv_type_mode_t=yes
ac_cv_type_off_t=yes
ac_cv_type_pid_t=yes
ac_cv_type_signal=void
ac_cv_type_size_t=yes
cs_cv_apache=yes
cs_cv_apache_path=
cs_cv_compression=yes
cs_cv_csharp=yes
cs_cv_csharp_path=no
cs_cv_java=yes
cs_cv_java_path=no
cs_cv_missing=no
cs_cv_need_reentrant=no
cs_cv_perl=yes
cs_cv_perl_path=no
cs_cv_pthread=yes
cs_cv_python=yes
cs_cv_python_path=no
cs_cv_regex=yes
cs_cv_ruby=yes
cs_cv_ruby_path=no
cs_cv_snprintf=no
cs_cv_wdb=no

## ----------------- ##
## Output variables. ##
## ----------------- ##

APXS_PATH='/usr/sbin/apxs'
AR='ar'
BUILD_WRAPPERS=' mod_ecs python perl ruby'
CC='gcc'
CFLAGS='-g -O2'
CPP='gcc -E'
CPPFLAGS=''
CSHARP_PATH=''
DEFS='-DHAVE_CONFIG_H'
ECHO_C=''
ECHO_N='-n'
ECHO_T=''
EGREP='grep -E'
EXEEXT=''
EXTRA_UTL_OBJS=''
EXTRA_UTL_SRC=' ulocks.c rcfs.c skiplist.c dict.c filter.c neo_net.c neo_server.c'
INSTALL_DATA='${INSTALL} -m 644'
INSTALL_PROGRAM='${INSTALL}'
INSTALL_SCRIPT='${INSTALL}'
JAVA_INCLUDE_PATH=''
JAVA_PATH=''
LDFLAGS=''
LIBOBJS=''
LIBS=' -lz'
LN_S='ln -s'
LTLIBOBJS=''
OBJEXT='o'
PACKAGE_BUGREPORT=''
PACKAGE_NAME=''
PACKAGE_STRING=''
PACKAGE_TARNAME=''
PACKAGE_VERSION=''
PATH_SEPARATOR=':'
PERL='/usr/bin/perl'
PYTHON='/usr/bin/python2.3'
PYTHON_INC='-I/usr/include/python2.3'
PYTHON_LIB='-L/System/Library/Frameworks/Python.framework/Versions/2.3/lib/python2.3/config -lpython2.3'
PYTHON_SITE='/System/Library/Frameworks/Python.framework/Versions/2.3/lib/python2.3/site-packages'
RANLIB='ranlib'
RUBY='/usr/bin/ruby'
SET_MAKE=''
SHELL='/bin/sh'
USE_MINGW32=''
_ACJNI_JAVAC=''
ac_ct_CC='gcc'
ac_ct_RANLIB='ranlib'
bindir='${exec_prefix}/bin'
build='i386-apple-darwin8.11.1'
build_alias=''
build_cpu='i386'
build_os='darwin8.11.1'
build_vendor='apple'
datadir='${prefix}/share'
exec_prefix='${prefix}'
host='i386-apple-darwin8.11.1'
host_alias=''
host_cpu='i386'
host_os='darwin8.11.1'
host_vendor='apple'
includedir='${prefix}/include'
infodir='${prefix}/info'
libdir='${exec_prefix}/lib'
libexecdir='${exec_prefix}/libexec'
localstatedir='${prefix}/var'
mandir='${prefix}/man'
oldincludedir='/usr/include'
prefix='/usr/local'
program_transform_name='s,x,x,'
sbindir='${exec_prefix}/sbin'
sharedstatedir='${prefix}/com'
sysconfdir='${prefix}/etc'
target_alias=''

## ----------- ##
## confdefs.h. ##
## ----------- ##

#define HAVE_DIRENT_H 1
#define HAVE_DRAND48 1
#define HAVE_FCNTL_H 1
#define HAVE_GETTIMEOFDAY 1
#define HAVE_GMTIME_R 1
#define HAVE_GMTIME_R 1
#define HAVE_INTTYPES_H 1
#define HAVE_LIMITS_H 1
#define HAVE_LOCALTIME_R 1
#define HAVE_LOCALTIME_R 1
#define HAVE_LOCKF 1
#define HAVE_MEMORY_H 1
#define HAVE_MKSTEMP 1
#define HAVE_MKTIME 1
#define HAVE_PTHREADS 1
#define HAVE_PUTENV 1
#define HAVE_RAND 1
#define HAVE_RANDOM 1
#define HAVE_REGEX 1
#define HAVE_SNPRINTF 1
#define HAVE_STDARG_H 1
#define HAVE_STDINT_H 1
#define HAVE_STDLIB_H 1
#define HAVE_STRERROR 1
#define HAVE_STRFTIME 1
#define HAVE_STRINGS_H 1
#define HAVE_STRINGS_H 1
#define HAVE_STRING_H 1
#define HAVE_STRSPN 1
#define HAVE_STRTOD 1
#define HAVE_STRTOK_R 1
#define HAVE_STRTOK_R 1
#define HAVE_STRTOL 1
#define HAVE_STRTOUL 1
#define HAVE_STRUCT_TM_TM_ZONE 1
#define HAVE_SYS_IOCTL_H 1
#define HAVE_SYS_STAT_H 1
#define HAVE_SYS_TIME_H 1
#define HAVE_SYS_TYPES_H 1
#define HAVE_SYS_WAIT_H 1
#define HAVE_TM_ZONE 1
#define HAVE_UNISTD_H 1
#define HAVE_UNISTD_H 1
#define HAVE_VPRINTF 1
#define HAVE_VSNPRINTF 1
#define HAVE_WAIT3 1
#define HTML_COMPRESSION 1
#define PACKAGE_BUGREPORT ""
#define PACKAGE_NAME ""
#define PACKAGE_STRING ""
#define PACKAGE_TARNAME ""
#define PACKAGE_VERSION ""
#define RETSIGTYPE void
#define STDC_HEADERS 1
#define TIME_WITH_SYS_TIME 1

configure: exit 0
